STEP to UG
! INFO-     NX STEP AP214 - V2412.7002
! INFO-      
! INFO-     Start of Translation: 30-NOV-2025  12:19:15 AM
! INFO-      
! STATUS-   Converting Part: D:\Usuario\Documents\Semestre_2025_2\APM\INVENTOR\Cortadora_NX\Cortadora_Metal_V.stp
! SUMMARY-   
! SUMMARY-    STEP Header Information
! SUMMARY-   
! SUMMARY-  Description      Unknown
! SUMMARY-  Imp_Level        2;1
! SUMMARY-  File_Name        Cortadora_Metal_V.stp
! SUMMARY-  Date             2025-11-30T00:16:31-05:00
! SUMMARY-  Author           Juan Manuel
! SUMMARY-  Organization     Unknown
! SUMMARY-  Pre_Version      ST-DEVELOPER v20
! SUMMARY-  Orig_System      Autodesk Inventor 2025
! SUMMARY-  Authorization    Unknown
! SUMMARY-  Schema_ID        automotive_design
! SUMMARY-   
! SUMMARY-    Summary of STEP Entities
! SUMMARY-   
! SUMMARY-  Entity Type                                                   Count
! SUMMARY-  -----------                                                   ------
! SUMMARY-  advanced_face ..............................................:   3705
! SUMMARY-  application_context ........................................:      1
! SUMMARY-  axis2_placement_3d .........................................:   6670
! SUMMARY-  b_spline_curve_with_knots ..................................:    183
! SUMMARY-  b_spline_curve_with_knots_and_rational_b_spline_curve ......:     71
! SUMMARY-  b_spline_surface_with_knots ................................:     12
! SUMMARY-  b_spline_surface_with_knots_and_rational_b_spline_surface ..:     45
! SUMMARY-  brep_with_voids ............................................:      2
! SUMMARY-  cartesian_point ............................................:  31540
! SUMMARY-  circle .....................................................:   2840
! SUMMARY-  closed_shell ...............................................:     74
! SUMMARY-  conical_surface ............................................:     84
! SUMMARY-  context_dependent_shape_representation .....................:     70
! SUMMARY-  cylindrical_surface ........................................:   1326
! SUMMARY-  direction ..................................................:  20151
! SUMMARY-  edge_curve .................................................:   9978
! SUMMARY-  edge_loop ..................................................:   4156
! SUMMARY-  ellipse ....................................................:     73
! SUMMARY-  face_bound .................................................:    451
! SUMMARY-  face_outer_bound ...........................................:   3705
! SUMMARY-  geometric_representation_context_and_global_uncertainty_a ..:     40
! SUMMARY-  item_defined_transformation ................................:     70
! SUMMARY-  length_unit_and_si_unit ....................................:      1
! SUMMARY-  line .......................................................:   6811
! SUMMARY-  manifold_solid_brep ........................................:     68
! SUMMARY-  next_assembly_usage_occurrence .............................:     70
! SUMMARY-  oriented_closed_shell ......................................:      4
! SUMMARY-  oriented_edge ..............................................:  19956
! SUMMARY-  plane ......................................................:   2167
! SUMMARY-  plane_angle_unit_and_si_unit ...............................:      1
! SUMMARY-  product ....................................................:     39
! SUMMARY-  product_context ............................................:      1
! SUMMARY-  product_definition .........................................:     39
! SUMMARY-  product_definition_context .................................:      1
! SUMMARY-  product_definition_formation ...............................:     39
! SUMMARY-  product_definition_shape ...................................:    109
! SUMMARY-  product_related_product_category ...........................:     39
! SUMMARY-  representation_relationship_with_transformation_and_shape ..:     70
! SUMMARY-  shape_representation .......................................:     39
! SUMMARY-  si_unit_and_solid_angle_unit ...............................:      1
! SUMMARY-  spherical_surface ..........................................:     33
! SUMMARY-  toroidal_surface ...........................................:     38
! SUMMARY-  uncertainty_measure_with_unit ..............................:     40
! SUMMARY-  vector .....................................................:   6811
! SUMMARY-  vertex_point ...............................................:   6518
! SUMMARY-                                                               -------
! SUMMARY-  Total                                                         128142
! STATUS-    
! STATUS-   Converting to Output Form (Phase 2 of 3): 30-NOV-2025 12:19:16 AM
! STATUS-    
! STATUS-    
! STATUS-   Generating UG geometry and placing them in parts
! STATUS-    
! STATUS-   Creating the UG part (Phase 3 of 3): 30-NOV-2025  12:19:36 AM
! INFO-     Filing Part ..: D:\Usuario\Documents\Semestre_2025_2\APM\INVENTOR\Cortadora_NX\Materia prima
! SUMMARY-   
! SUMMARY-  Summary of Unigraphics Part Entities
! SUMMARY-   
! SUMMARY-  Entities Processed             Count
! SUMMARY-  ------------------             -----
! SUMMARY-  Solid/Sheet .................:     1
! SUMMARY-                                 -----
! SUMMARY-  Total                              1
! STATUS-   Creating the UG part (Phase 3 of 3): 30-NOV-2025  12:19:38 AM
! INFO-     Filing Part ..: D:\Usuario\Documents\Semestre_2025_2\APM\INVENTOR\Cortadora_NX\Pieza54
! SUMMARY-   
! SUMMARY-  Summary of Unigraphics Part Entities
! SUMMARY-   
! SUMMARY-  Entities Processed             Count
! SUMMARY-  ------------------             -----
! SUMMARY-  Solid/Sheet .................:     1
! SUMMARY-                                 -----
! SUMMARY-  Total                              1
! STATUS-   Creating the UG part (Phase 3 of 3): 30-NOV-2025  12:19:38 AM
! INFO-     Filing Part ..: D:\Usuario\Documents\Semestre_2025_2\APM\INVENTOR\Cortadora_NX\LJ12A3-4-Z_1
! SUMMARY-   
! SUMMARY-  Summary of Unigraphics Part Entities
! SUMMARY-   
! SUMMARY-  Entities Processed             Count
! SUMMARY-  ------------------             -----
! SUMMARY-  Solid/Sheet .................:    11
! SUMMARY-                                 -----
! SUMMARY-  Total                             11
! STATUS-   Creating the UG part (Phase 3 of 3): 30-NOV-2025  12:19:40 AM
! INFO-     Filing Part ..: D:\Usuario\Documents\Semestre_2025_2\APM\INVENTOR\Cortadora_NX\Ãàéêà Ì12
! SUMMARY-   
! SUMMARY-  Summary of Unigraphics Part Entities
! SUMMARY-   
! SUMMARY-  Entities Processed             Count
! SUMMARY-  ------------------             -----
! SUMMARY-  Solid/Sheet .................:     1
! SUMMARY-                                 -----
! SUMMARY-  Total                              1
! STATUS-   Creating the UG part (Phase 3 of 3): 30-NOV-2025  12:19:40 AM
! INFO-     Filing Part ..: D:\Usuario\Documents\Semestre_2025_2\APM\INVENTOR\Cortadora_NX\Øàéáà
! SUMMARY-   
! SUMMARY-  Summary of Unigraphics Part Entities
! SUMMARY-   
! SUMMARY-  Entities Processed             Count
! SUMMARY-  ------------------             -----
! SUMMARY-  Solid/Sheet .................:     1
! SUMMARY-                                 -----
! SUMMARY-  Total                              1
! STATUS-   Creating the UG part (Phase 3 of 3): 30-NOV-2025  12:19:41 AM
! INFO-     Filing Part ..: D:\Usuario\Documents\Semestre_2025_2\APM\INVENTOR\Cortadora_NX\Guias
! SUMMARY-   
! SUMMARY-  Summary of Unigraphics Part Entities
! SUMMARY-   
! SUMMARY-  Entities Processed             Count
! SUMMARY-  ------------------             -----
! SUMMARY-  Solid/Sheet .................:     1
! SUMMARY-                                 -----
! SUMMARY-  Total                              1
! STATUS-   Creating the UG part (Phase 3 of 3): 30-NOV-2025  12:19:41 AM
! INFO-     Filing Part ..: D:\Usuario\Documents\Semestre_2025_2\APM\INVENTOR\Cortadora_NX\MISUMI-STANDARD LEVELING PAD-NFJN8-100
! SUMMARY-   
! SUMMARY-  Summary of Unigraphics Part Entities
! SUMMARY-   
! SUMMARY-  Entities Processed             Count
! SUMMARY-  ------------------             -----
! SUMMARY-  Solid/Sheet .................:     2
! SUMMARY-                                 -----
! SUMMARY-  Total                              2
! STATUS-   Creating the UG part (Phase 3 of 3): 30-NOV-2025  12:19:41 AM
! INFO-     Filing Part ..: D:\Usuario\Documents\Semestre_2025_2\APM\INVENTOR\Cortadora_NX\A-0013-CONVEYOR LEVEL ADJUSTER
! SUMMARY-   
! SUMMARY-  Summary of Unigraphics Part Entities
! SUMMARY-   
! SUMMARY-  Entities Processed             Count
! SUMMARY-  ------------------             -----
! SUMMARY-  Solid/Sheet .................:     2
! SUMMARY-                                 -----
! SUMMARY-  Total                              2
! STATUS-   Creating the UG part (Phase 3 of 3): 30-NOV-2025  12:19:42 AM
! INFO-     Filing Part ..: D:\Usuario\Documents\Semestre_2025_2\APM\INVENTOR\Cortadora_NX\A-0009-PROFILE TIE ROD
! SUMMARY-   
! SUMMARY-  Summary of Unigraphics Part Entities
! SUMMARY-   
! SUMMARY-  Entities Processed             Count
! SUMMARY-  ------------------             -----
! SUMMARY-  Solid/Sheet .................:     1
! SUMMARY-                                 -----
! SUMMARY-  Total                              1
! STATUS-   Creating the UG part (Phase 3 of 3): 30-NOV-2025  12:19:42 AM
! INFO-     Filing Part ..: D:\Usuario\Documents\Semestre_2025_2\APM\INVENTOR\Cortadora_NX\A-0006-TENSTIONER BLOCK
! SUMMARY-   
! SUMMARY-  Summary of Unigraphics Part Entities
! SUMMARY-   
! SUMMARY-  Entities Processed             Count
! SUMMARY-  ------------------             -----
! SUMMARY-  Solid/Sheet .................:     1
! SUMMARY-                                 -----
! SUMMARY-  Total                              1
! STATUS-   Creating the UG part (Phase 3 of 3): 30-NOV-2025  12:19:42 AM
! INFO-     Filing Part ..: D:\Usuario\Documents\Semestre_2025_2\APM\INVENTOR\Cortadora_NX\A-0012-LEVELING PAD MOUNT
! SUMMARY-   
! SUMMARY-  Summary of Unigraphics Part Entities
! SUMMARY-   
! SUMMARY-  Entities Processed             Count
! SUMMARY-  ------------------             -----
! SUMMARY-  Solid/Sheet .................:     1
! SUMMARY-                                 -----
! SUMMARY-  Total                              1
! STATUS-   Creating the UG part (Phase 3 of 3): 30-NOV-2025  12:19:43 AM
! INFO-     Filing Part ..: D:\Usuario\Documents\Semestre_2025_2\APM\INVENTOR\Cortadora_NX\C3
! SUMMARY-   
! SUMMARY-  Summary of Unigraphics Part Entities
! SUMMARY-   
! SUMMARY-  Entities Processed             Count
! SUMMARY-  ------------------             -----
! SUMMARY-  Solid/Sheet .................:     4
! SUMMARY-                                 -----
! SUMMARY-  Total                              4
! STATUS-   Creating the UG part (Phase 3 of 3): 30-NOV-2025  12:19:43 AM
! INFO-     Filing Part ..: D:\Usuario\Documents\Semestre_2025_2\APM\INVENTOR\Cortadora_NX\C5
! SUMMARY-   
! SUMMARY-  Summary of Unigraphics Part Entities
! SUMMARY-   
! SUMMARY-  Entities Processed             Count
! SUMMARY-  ------------------             -----
! SUMMARY-  Solid/Sheet .................:     1
! SUMMARY-                                 -----
! SUMMARY-  Total                              1
! STATUS-   Creating the UG part (Phase 3 of 3): 30-NOV-2025  12:19:43 AM
! INFO-     Filing Part ..: D:\Usuario\Documents\Semestre_2025_2\APM\INVENTOR\Cortadora_NX\C4
! SUMMARY-   
! SUMMARY-  Summary of Unigraphics Part Entities
! SUMMARY-   
! SUMMARY-  Entities Processed             Count
! SUMMARY-  ------------------             -----
! SUMMARY-  Solid/Sheet .................:     1
! SUMMARY-                                 -----
! SUMMARY-  Total                              1
! STATUS-   Creating the UG part (Phase 3 of 3): 30-NOV-2025  12:19:43 AM
! INFO-     Filing Part ..: D:\Usuario\Documents\Semestre_2025_2\APM\INVENTOR\Cortadora_NX\C1
! SUMMARY-   
! SUMMARY-  Summary of Unigraphics Part Entities
! SUMMARY-   
! SUMMARY-  Entities Processed             Count
! SUMMARY-  ------------------             -----
! SUMMARY-  Solid/Sheet .................:     1
! SUMMARY-                                 -----
! SUMMARY-  Total                              1
! STATUS-   Creating the UG part (Phase 3 of 3): 30-NOV-2025  12:19:43 AM
! INFO-     Filing Part ..: D:\Usuario\Documents\Semestre_2025_2\APM\INVENTOR\Cortadora_NX\C2
! SUMMARY-   
! SUMMARY-  Summary of Unigraphics Part Entities
! SUMMARY-   
! SUMMARY-  Entities Processed             Count
! SUMMARY-  ------------------             -----
! SUMMARY-  Solid/Sheet .................:     1
! SUMMARY-                                 -----
! SUMMARY-  Total                              1
! STATUS-   Creating the UG part (Phase 3 of 3): 30-NOV-2025  12:19:43 AM
! INFO-     Filing Part ..: D:\Usuario\Documents\Semestre_2025_2\APM\INVENTOR\Cortadora_NX\A-0004-DRIVE PULLEY_Default_As Machined_
! SUMMARY-   
! SUMMARY-  Summary of Unigraphics Part Entities
! SUMMARY-   
! SUMMARY-  Entities Processed             Count
! SUMMARY-  ------------------             -----
! SUMMARY-  Solid/Sheet .................:     3
! SUMMARY-                                 -----
! SUMMARY-  Total                              3
! STATUS-   Creating the UG part (Phase 3 of 3): 30-NOV-2025  12:19:44 AM
! INFO-     Filing Part ..: D:\Usuario\Documents\Semestre_2025_2\APM\INVENTOR\Cortadora_NX\A-0008-MOTOR SHAFT
! SUMMARY-   
! SUMMARY-  Summary of Unigraphics Part Entities
! SUMMARY-   
! SUMMARY-  Entities Processed             Count
! SUMMARY-  ------------------             -----
! SUMMARY-  Solid/Sheet .................:     1
! SUMMARY-                                 -----
! SUMMARY-  Total                              1
! STATUS-   Creating the UG part (Phase 3 of 3): 30-NOV-2025  12:19:44 AM
! INFO-     Filing Part ..: D:\Usuario\Documents\Semestre_2025_2\APM\INVENTOR\Cortadora_NX\A-0014-T5 TIMING PULLY 22TEETH 15WIDTH
! SUMMARY-   
! SUMMARY-  Summary of Unigraphics Part Entities
! SUMMARY-   
! SUMMARY-  Entities Processed             Count
! SUMMARY-  ------------------             -----
! SUMMARY-  Solid/Sheet .................:     1
! SUMMARY-                                 -----
! SUMMARY-  Total                              1
! STATUS-   Creating the UG part (Phase 3 of 3): 30-NOV-2025  12:19:44 AM
! INFO-     Filing Part ..: D:\Usuario\Documents\Semestre_2025_2\APM\INVENTOR\Cortadora_NX\A-0003-DRIVE BEARING MOUNT
! SUMMARY-   
! SUMMARY-  Summary of Unigraphics Part Entities
! SUMMARY-   
! SUMMARY-  Entities Processed             Count
! SUMMARY-  ------------------             -----
! SUMMARY-  Solid/Sheet .................:     1
! SUMMARY-                                 -----
! SUMMARY-  Total                              1
! STATUS-   Creating the UG part (Phase 3 of 3): 30-NOV-2025  12:19:44 AM
! INFO-     Filing Part ..: D:\Usuario\Documents\Semestre_2025_2\APM\INVENTOR\Cortadora_NX\A-0002-IDLER BEARING MOUNT
! SUMMARY-   
! SUMMARY-  Summary of Unigraphics Part Entities
! SUMMARY-   
! SUMMARY-  Entities Processed             Count
! SUMMARY-  ------------------             -----
! SUMMARY-  Solid/Sheet .................:     1
! SUMMARY-                                 -----
! SUMMARY-  Total                              1
! STATUS-   Creating the UG part (Phase 3 of 3): 30-NOV-2025  12:19:44 AM
! INFO-     Filing Part ..: D:\Usuario\Documents\Semestre_2025_2\APM\INVENTOR\Cortadora_NX\A-0001-BELT CONVEYOR BASE FRAME_Default_As Machined_
! SUMMARY-   
! SUMMARY-  Summary of Unigraphics Part Entities
! SUMMARY-   
! SUMMARY-  Entities Processed             Count
! SUMMARY-  ------------------             -----
! SUMMARY-  Solid/Sheet .................:     5
! SUMMARY-                                 -----
! SUMMARY-  Total                              5
! STATUS-   Creating the UG part (Phase 3 of 3): 30-NOV-2025  12:19:45 AM
! INFO-     Filing Part ..: D:\Usuario\Documents\Semestre_2025_2\APM\INVENTOR\Cortadora_NX\A-0005-IDLEAR PULLEY_Default_As Machined_
! SUMMARY-   
! SUMMARY-  Summary of Unigraphics Part Entities
! SUMMARY-   
! SUMMARY-  Entities Processed             Count
! SUMMARY-  ------------------             -----
! SUMMARY-  Solid/Sheet .................:     3
! SUMMARY-                                 -----
! SUMMARY-  Total                              3
! STATUS-   Creating the UG part (Phase 3 of 3): 30-NOV-2025  12:19:46 AM
! INFO-     Filing Part ..: D:\Usuario\Documents\Semestre_2025_2\APM\INVENTOR\Cortadora_NX\A-0011-MOTOR MOUNT
! SUMMARY-   
! SUMMARY-  Summary of Unigraphics Part Entities
! SUMMARY-   
! SUMMARY-  Entities Processed             Count
! SUMMARY-  ------------------             -----
! SUMMARY-  Solid/Sheet .................:     1
! SUMMARY-                                 -----
! SUMMARY-  Total                              1
! STATUS-   Creating the UG part (Phase 3 of 3): 30-NOV-2025  12:19:46 AM
! INFO-     Filing Part ..: D:\Usuario\Documents\Semestre_2025_2\APM\INVENTOR\Cortadora_NX\A-0015-TIMING PULLY COVER
! SUMMARY-   
! SUMMARY-  Summary of Unigraphics Part Entities
! SUMMARY-   
! SUMMARY-  Entities Processed             Count
! SUMMARY-  ------------------             -----
! SUMMARY-  Solid/Sheet .................:     3
! SUMMARY-                                 -----
! SUMMARY-  Total                              3
! STATUS-   Creating the UG part (Phase 3 of 3): 30-NOV-2025  12:19:46 AM
! INFO-     Filing Part ..: D:\Usuario\Documents\Semestre_2025_2\APM\INVENTOR\Cortadora_NX\A-0010-CONVEYOR LEG FRAME_Default_As Machined_
! SUMMARY-   
! SUMMARY-  Summary of Unigraphics Part Entities
! SUMMARY-   
! SUMMARY-  Entities Processed             Count
! SUMMARY-  ------------------             -----
! SUMMARY-  Solid/Sheet .................:     9
! SUMMARY-                                 -----
! SUMMARY-  Total                              9
! STATUS-   Creating the UG part (Phase 3 of 3): 30-NOV-2025  12:19:47 AM
! INFO-     Filing Part ..: D:\Usuario\Documents\Semestre_2025_2\APM\INVENTOR\Cortadora_NX\CHIORINO 2M12 U0-V10A
! SUMMARY-   
! SUMMARY-  Summary of Unigraphics Part Entities
! SUMMARY-   
! SUMMARY-  Entities Processed             Count
! SUMMARY-  ------------------             -----
! SUMMARY-  Solid/Sheet .................:     1
! SUMMARY-                                 -----
! SUMMARY-  Total                              1
! STATUS-   Creating the UG part (Phase 3 of 3): 30-NOV-2025  12:19:47 AM
! INFO-     Filing Part ..: D:\Usuario\Documents\Semestre_2025_2\APM\INVENTOR\Cortadora_NX\A-0007-CONVEYOR BELT SUPPORT PLATE
! SUMMARY-   
! SUMMARY-  Summary of Unigraphics Part Entities
! SUMMARY-   
! SUMMARY-  Entities Processed             Count
! SUMMARY-  ------------------             -----
! SUMMARY-  Solid/Sheet .................:     1
! SUMMARY-                                 -----
! SUMMARY-  Total                              1
! STATUS-   Creating the UG part (Phase 3 of 3): 30-NOV-2025  12:19:48 AM
! INFO-     Filing Part ..: D:\Usuario\Documents\Semestre_2025_2\APM\INVENTOR\Cortadora_NX\ORIENTAL MOTOR-SINGLE PHASE GEARED MOTOR-A1509
! SUMMARY-   
! SUMMARY-  Summary of Unigraphics Part Entities
! SUMMARY-   
! SUMMARY-  Entities Processed             Count
! SUMMARY-  ------------------             -----
! SUMMARY-  Solid/Sheet .................:     2
! SUMMARY-                                 -----
! SUMMARY-  Total                              2
! STATUS-   Creating the UG part (Phase 3 of 3): 30-NOV-2025  12:19:48 AM
! INFO-     Filing Part ..: D:\Usuario\Documents\Semestre_2025_2\APM\INVENTOR\Cortadora_NX\prensa
! SUMMARY-   
! SUMMARY-  Summary of Unigraphics Part Entities
! SUMMARY-   
! SUMMARY-  Entities Processed             Count
! SUMMARY-  ------------------             -----
! SUMMARY-  Solid/Sheet .................:     1
! SUMMARY-                                 -----
! SUMMARY-  Total                              1
! STATUS-   Creating the UG part (Phase 3 of 3): 30-NOV-2025  12:19:48 AM
! INFO-     Filing Part ..: D:\Usuario\Documents\Semestre_2025_2\APM\INVENTOR\Cortadora_NX\Techo
! SUMMARY-   
! SUMMARY-  Summary of Unigraphics Part Entities
! SUMMARY-   
! SUMMARY-  Entities Processed             Count
! SUMMARY-  ------------------             -----
! SUMMARY-  Solid/Sheet .................:     1
! SUMMARY-                                 -----
! SUMMARY-  Total                              1
! STATUS-   Creating the UG part (Phase 3 of 3): 30-NOV-2025  12:19:48 AM
! INFO-     Filing Part ..: D:\Usuario\Documents\Semestre_2025_2\APM\INVENTOR\Cortadora_NX\Eje_Corte
! SUMMARY-   
! SUMMARY-  Summary of Unigraphics Part Entities
! SUMMARY-   
! SUMMARY-  Entities Processed             Count
! SUMMARY-  ------------------             -----
! SUMMARY-  Solid/Sheet .................:     1
! SUMMARY-                                 -----
! SUMMARY-  Total                              1
! STATUS-   Creating the UG part (Phase 3 of 3): 30-NOV-2025  12:19:48 AM
! INFO-     Filing Part ..: D:\Usuario\Documents\Semestre_2025_2\APM\INVENTOR\Cortadora_NX\Disco_de_corte_12in
! SUMMARY-   
! SUMMARY-  Summary of Unigraphics Part Entities
! SUMMARY-   
! SUMMARY-  Entities Processed             Count
! SUMMARY-  ------------------             -----
! SUMMARY-  Solid/Sheet .................:     1
! SUMMARY-                                 -----
! SUMMARY-  Total                              1
! STATUS-   Creating the UG part (Phase 3 of 3): 30-NOV-2025  12:19:49 AM
! INFO-     Filing Part ..: D:\Usuario\Documents\Semestre_2025_2\APM\INVENTOR\Cortadora_NX\cubierta
! SUMMARY-   
! SUMMARY-  Summary of Unigraphics Part Entities
! SUMMARY-   
! SUMMARY-  Entities Processed             Count
! SUMMARY-  ------------------             -----
! SUMMARY-  Solid/Sheet .................:     2
! SUMMARY-                                 -----
! SUMMARY-  Total                              2
! STATUS-   Creating the UG part (Phase 3 of 3): 30-NOV-2025  12:19:49 AM
! INFO-     Filing Part ..: D:\Usuario\Documents\Semestre_2025_2\APM\INVENTOR\Cortadora_NX\Base
! SUMMARY-   
! SUMMARY-  Summary of Unigraphics Part Entities
! SUMMARY-   
! SUMMARY-  Entities Processed             Count
! SUMMARY-  ------------------             -----
! SUMMARY-  Solid/Sheet .................:     1
! SUMMARY-                                 -----
! SUMMARY-  Total                              1
! STATUS-   Creating the UG part (Phase 3 of 3): 30-NOV-2025  12:19:50 AM
! INFO-     Filing Part ..: D:\Usuario\Documents\Semestre_2025_2\APM\INVENTOR\Cortadora_NX\SKF BEARING-6002
! SUMMARY-   
! SUMMARY-  Summary of Unigraphics Part Entities
! SUMMARY-   
! SUMMARY-  Entities Processed             Count
! SUMMARY-  ------------------             -----
! SUMMARY-  Component ...................:     5
! SUMMARY-                                 -----
! SUMMARY-  Total                              5
! STATUS-   Creating the UG part (Phase 3 of 3): 30-NOV-2025  12:19:50 AM
! INFO-     Filing Part ..: D:\Usuario\Documents\Semestre_2025_2\APM\INVENTOR\Cortadora_NX\A-A001-CONVEYOR ASSEMBLY
! SUMMARY-   
! SUMMARY-  Summary of Unigraphics Part Entities
! SUMMARY-   
! SUMMARY-  Entities Processed             Count
! SUMMARY-  ------------------             -----
! SUMMARY-  Component ...................:    35
! SUMMARY-                                 -----
! SUMMARY-  Total                             35
! STATUS-   Creating the UG part (Phase 3 of 3): 30-NOV-2025  12:19:50 AM
! INFO-     Filing Part ..: D:\Usuario\Documents\Semestre_2025_2\APM\INVENTOR\Cortadora_NX\Sensor
! SUMMARY-   
! SUMMARY-  Summary of Unigraphics Part Entities
! SUMMARY-   
! SUMMARY-  Entities Processed             Count
! SUMMARY-  ------------------             -----
! SUMMARY-  Component ...................:     6
! SUMMARY-                                 -----
! SUMMARY-  Total                              6
! STATUS-   Creating the UG part (Phase 3 of 3): 30-NOV-2025  12:19:51 AM
! INFO-     Filing Part ..: D:\Usuario\Documents\Semestre_2025_2\APM\INVENTOR\Cortadora_NX\Cortadora_Metal_V.prt
! SUMMARY-   
! SUMMARY-  Summary of Unigraphics Part Entities
! SUMMARY-   
! SUMMARY-  Entities Processed             Count
! SUMMARY-  ------------------             -----
! SUMMARY-  Component ...................:    24
! SUMMARY-                                 -----
! SUMMARY-  Total                             24
! INFO-      
! INFO-     Total number of solids input for this translation       :        70
! INFO-      
! INFO-     Number of solids created without body validation faults :        70
! INFO-      
! INFO-     Number of solids created with body validation fault(s)  :         0
! INFO-      
! INFO-     Number of solids ending up as sheet bodies              :         0
! INFO-      
! INFO-     End of Translation: 30-NOV-2025  12:19:52 AM
! INFO-      
